<?xml version="1.0" encoding="UTF-8"?><testsuite errors="1" failures="0" name="Management medical service" skipped="0" tests="1" time="4.01" timestamp="2022-05-12 10:13:43"><testcase name="Registering medical appointment"><error message="Could not instantiate class org.openqa.selenium.chrome.ChromeDriver" type="net.thucydides.core.webdriver.DriverConfigurationError">Could not instantiate class org.openqa.selenium.chrome.ChromeDriver</error><system-err>Could not instantiate class org.openqa.selenium.chrome.ChromeDriver&#13;
co.com.testing.reto.dto.tasks.OpenWeb.performAs(OpenWeb.java:13)&#13;
co.com.testing.reto.dto.stepdefinitions.RegisterDoctorStepDefinitions.carlosNeedsToRegisterWithANewDoctor(RegisterDoctorStepDefinitions.java:41)&#13;
cucumber.runner.PickleStepDefinitionMatch.runStep(PickleStepDefinitionMatch.java:50)&#13;
cucumber.runner.TestStep.executeStep(TestStep.java:63)&#13;
cucumber.runner.TestStep.run(TestStep.java:49)&#13;
cucumber.runner.PickleStepTestStep.run(PickleStepTestStep.java:43)&#13;
cucumber.runner.TestCase.run(TestCase.java:44)&#13;
cucumber.runner.Runner.runPickle(Runner.java:40)&#13;
</system-err></testcase></testsuite>